<!DOCTYPE html>

<html>
  <head>
  <meta charset='utf-8'>
  <title>TestNG reports</title>

    <link type="text/css" href="testng-reports.css" rel="stylesheet" />
    <script type="text/javascript" src="jquery-3.4.1.min.js"></script>
    <script type="text/javascript" src="testng-reports.js"></script>
    <script type="text/javascript" src="https://www.google.com/jsapi"></script>
    <script type='text/javascript'>
      google.load('visualization', '1', {packages:['table']});
      google.setOnLoadCallback(drawTable);
      var suiteTableInitFunctions = new Array();
      var suiteTableData = new Array();
    </script>
    <!--
      <script type="text/javascript" src="jquery-ui/js/jquery-ui-1.8.16.custom.min.js"></script>
     -->
  </head>

  <body>
    <div class="top-banner-root">
      <span class="top-banner-title-font">Test results</span>
      <br/>
      <span class="top-banner-font-1">1 suite, 4 failed tests</span>
    </div> <!-- top-banner-root -->
    <div class="navigator-root">
      <div class="navigator-suite-header">
        <span>All suites</span>
        <a href="#" title="Collapse/expand all the suites" class="collapse-all-link">
          <img src="collapseall.gif" class="collapse-all-icon">
          </img> <!-- collapse-all-icon -->
        </a> <!-- collapse-all-link -->
      </div> <!-- navigator-suite-header -->
      <div class="suite">
        <div class="rounded-window">
          <div class="suite-header light-rounded-window-top">
            <a href="#" panel-name="suite-HarleyDAvidsonTestSuite" class="navigator-link">
              <span class="suite-name border-failed">HarleyDAvidsonTestSuite</span>
            </a> <!-- navigator-link -->
          </div> <!-- suite-header light-rounded-window-top -->
          <div class="navigator-suite-content">
            <div class="suite-section-title">
              <span>Info</span>
            </div> <!-- suite-section-title -->
            <div class="suite-section-content">
              <ul>
                <li>
                  <a href="#" panel-name="test-xml-HarleyDAvidsonTestSuite" class="navigator-link ">
                    <span>C:\Users\MadhuCeeti\Eclipse_Workspace_JavaTraining\HarleyDavidson\testng.xml</span>
                  </a> <!-- navigator-link  -->
                </li>
                <li>
                  <a href="#" panel-name="testlist-HarleyDAvidsonTestSuite" class="navigator-link ">
                    <span class="test-stats">1 test</span>
                  </a> <!-- navigator-link  -->
                </li>
                <li>
                  <a href="#" panel-name="group-HarleyDAvidsonTestSuite" class="navigator-link ">
                    <span>2 groups</span>
                  </a> <!-- navigator-link  -->
                </li>
                <li>
                  <a href="#" panel-name="times-HarleyDAvidsonTestSuite" class="navigator-link ">
                    <span>Times</span>
                  </a> <!-- navigator-link  -->
                </li>
                <li>
                  <a href="#" panel-name="reporter-HarleyDAvidsonTestSuite" class="navigator-link ">
                    <span>Reporter output</span>
                  </a> <!-- navigator-link  -->
                </li>
                <li>
                  <a href="#" panel-name="ignored-methods-HarleyDAvidsonTestSuite" class="navigator-link ">
                    <span>Ignored methods</span>
                  </a> <!-- navigator-link  -->
                </li>
                <li>
                  <a href="#" panel-name="chronological-HarleyDAvidsonTestSuite" class="navigator-link ">
                    <span>Chronological view</span>
                  </a> <!-- navigator-link  -->
                </li>
              </ul>
            </div> <!-- suite-section-content -->
            <div class="result-section">
              <div class="suite-section-title">
                <span>Results</span>
              </div> <!-- suite-section-title -->
              <div class="suite-section-content">
                <ul>
                  <li>
                    <span class="method-stats">4 methods, 4 failed,   </span>
                  </li>
                  <li>
                    <span class="method-list-title failed">Failed methods</span>
                    <span class="show-or-hide-methods failed">
                      <a href="#" panel-name="suite-HarleyDAvidsonTestSuite" class="hide-methods failed suite-HarleyDAvidsonTestSuite"> (hide)</a> <!-- hide-methods failed suite-HarleyDAvidsonTestSuite -->
                      <a href="#" panel-name="suite-HarleyDAvidsonTestSuite" class="show-methods failed suite-HarleyDAvidsonTestSuite"> (show)</a> <!-- show-methods failed suite-HarleyDAvidsonTestSuite -->
                    </span>
                    <div class="method-list-content failed suite-HarleyDAvidsonTestSuite">
                      <span>
                        <img src="failed.png" width="3%"/>
                        <a href="#" panel-name="suite-HarleyDAvidsonTestSuite" title="com.hds.qa.tests.HomePageTest" class="method navigator-link" hash-for-method="goToEventCalendarPageTest">goToEventCalendarPageTest</a> <!-- method navigator-link -->
                      </span>
                      <br/>
                      <span>
                        <img src="failed.png" width="3%"/>
                        <a href="#" panel-name="suite-HarleyDAvidsonTestSuite" title="com.hds.qa.tests.HomePageTest" class="method navigator-link" hash-for-method="goToMotorcyclesPage">goToMotorcyclesPage</a> <!-- method navigator-link -->
                      </span>
                      <br/>
                      <span>
                        <img src="failed.png" width="3%"/>
                        <a href="#" panel-name="suite-HarleyDAvidsonTestSuite" title="com.hds.qa.tests.HomePageTest" class="method navigator-link" hash-for-method="homePageLogoTest">homePageLogoTest</a> <!-- method navigator-link -->
                      </span>
                      <br/>
                      <span>
                        <img src="failed.png" width="3%"/>
                        <a href="#" panel-name="suite-HarleyDAvidsonTestSuite" title="com.hds.qa.tests.HomePageTest" class="method navigator-link" hash-for-method="homePageTitleTest">homePageTitleTest</a> <!-- method navigator-link -->
                      </span>
                      <br/>
                    </div> <!-- method-list-content failed suite-HarleyDAvidsonTestSuite -->
                  </li>
                </ul>
              </div> <!-- suite-section-content -->
            </div> <!-- result-section -->
          </div> <!-- navigator-suite-content -->
        </div> <!-- rounded-window -->
      </div> <!-- suite -->
    </div> <!-- navigator-root -->
    <div class="wrapper">
      <div class="main-panel-root">
        <div panel-name="suite-HarleyDAvidsonTestSuite" class="panel HarleyDAvidsonTestSuite">
          <div class="suite-HarleyDAvidsonTestSuite-class-failed">
            <div class="main-panel-header rounded-window-top">
              <img src="failed.png"/>
              <span class="class-name">com.hds.qa.tests.HomePageTest</span>
            </div> <!-- main-panel-header rounded-window-top -->
            <div class="main-panel-content rounded-window-bottom">
              <div class="method">
                <div class="method-content">
                  <a name="goToEventCalendarPageTest">
                  </a> <!-- goToEventCalendarPageTest -->
                  <span class="method-name">goToEventCalendarPageTest</span>
                  <div class="stack-trace">org.openqa.selenium.NoSuchElementException: no such element: Unable to locate element: {&quot;method&quot;:&quot;xpath&quot;,&quot;selector&quot;:&quot;//a[contains(@data-dropdown,&quot;events-dropdown&quot;) and contains(text(),&quot;Events&quot;)]&quot;}
  (Session info: chrome=83.0.4103.61)
For documentation on this error, please visit: https://www.seleniumhq.org/exceptions/no_such_element.html
Build info: version: &apos;3.141.59&apos;, revision: &apos;e82be7d358&apos;, time: &apos;2018-11-14T08:17:03&apos;
System info: host: &apos;TNR&apos;, ip: &apos;192.168.43.53&apos;, os.name: &apos;Windows 10&apos;, os.arch: &apos;amd64&apos;, os.version: &apos;10.0&apos;, java.version: &apos;13.0.2&apos;
Driver info: org.openqa.selenium.chrome.ChromeDriver
Capabilities {acceptInsecureCerts: false, browserName: chrome, browserVersion: 83.0.4103.61, chrome: {chromedriverVersion: 83.0.4103.39 (ccbf011cb2d2b..., userDataDir: C:\Users\MADHUC~1\AppData\L...}, goog:chromeOptions: {debuggerAddress: localhost:56055}, javascriptEnabled: true, networkConnectionEnabled: false, pageLoadStrategy: normal, platform: WINDOWS, platformName: WINDOWS, proxy: Proxy(), setWindowRect: true, strictFileInteractability: false, timeouts: {implicit: 0, pageLoad: 300000, script: 30000}, unhandledPromptBehavior: dismiss and notify, webauthn:virtualAuthenticators: true}
Session ID: cbeb6bc29b926b5bdd4104b7bddee3f2
*** Element info: {Using=xpath, value=//a[contains(@data-dropdown,&quot;events-dropdown&quot;) and contains(text(),&quot;Events&quot;)]}
	at org.openqa.selenium.remote.http.W3CHttpResponseCodec.createException(W3CHttpResponseCodec.java:187)
	at org.openqa.selenium.remote.http.W3CHttpResponseCodec.decode(W3CHttpResponseCodec.java:122)
	at org.openqa.selenium.remote.http.W3CHttpResponseCodec.decode(W3CHttpResponseCodec.java:49)
	at org.openqa.selenium.remote.HttpCommandExecutor.execute(HttpCommandExecutor.java:158)
	at org.openqa.selenium.remote.service.DriverCommandExecutor.execute(DriverCommandExecutor.java:83)
	at org.openqa.selenium.remote.RemoteWebDriver.execute(RemoteWebDriver.java:552)
	at org.openqa.selenium.remote.RemoteWebDriver.findElement(RemoteWebDriver.java:323)
	at org.openqa.selenium.remote.RemoteWebDriver.findElementByXPath(RemoteWebDriver.java:428)
	at org.openqa.selenium.By$ByXPath.findElement(By.java:353)
	at org.openqa.selenium.remote.RemoteWebDriver.findElement(RemoteWebDriver.java:315)
	at org.openqa.selenium.support.events.EventFiringWebDriver.lambda$new$1(EventFiringWebDriver.java:105)
	at com.sun.proxy.$Proxy10.findElement(Unknown Source)
	at org.openqa.selenium.support.events.EventFiringWebDriver.findElement(EventFiringWebDriver.java:194)
	at org.openqa.selenium.support.pagefactory.DefaultElementLocator.findElement(DefaultElementLocator.java:69)
	at org.openqa.selenium.support.pagefactory.internal.LocatingElementHandler.invoke(LocatingElementHandler.java:38)
	at com.sun.proxy.$Proxy14.click(Unknown Source)
	at com.hds.qa.pages.HomePage.goToEventCalendarPage(HomePage.java:51)
	at com.hds.qa.tests.HomePageTest.goToEventCalendarPageTest(HomePageTest.java:62)
	at java.base/java.util.ArrayList.forEach(ArrayList.java:1507)
... Removed 36 stack frames
</div> <!-- stack-trace -->
                </div> <!-- method-content -->
              </div> <!-- method -->
              <div class="method">
                <div class="method-content">
                  <a name="goToMotorcyclesPage">
                  </a> <!-- goToMotorcyclesPage -->
                  <span class="method-name">goToMotorcyclesPage</span>
                  <div class="stack-trace">org.openqa.selenium.NoSuchElementException: no such element: Unable to locate element: {&quot;method&quot;:&quot;xpath&quot;,&quot;selector&quot;:&quot;//a[contains(text(),&quot;Vehicles&quot;) and contains(@data-dropdown,&quot;vehicles-dropdown&quot;)]&quot;}
  (Session info: chrome=83.0.4103.61)
For documentation on this error, please visit: https://www.seleniumhq.org/exceptions/no_such_element.html
Build info: version: &apos;3.141.59&apos;, revision: &apos;e82be7d358&apos;, time: &apos;2018-11-14T08:17:03&apos;
System info: host: &apos;TNR&apos;, ip: &apos;192.168.43.53&apos;, os.name: &apos;Windows 10&apos;, os.arch: &apos;amd64&apos;, os.version: &apos;10.0&apos;, java.version: &apos;13.0.2&apos;
Driver info: org.openqa.selenium.chrome.ChromeDriver
Capabilities {acceptInsecureCerts: false, browserName: chrome, browserVersion: 83.0.4103.61, chrome: {chromedriverVersion: 83.0.4103.39 (ccbf011cb2d2b..., userDataDir: C:\Users\MADHUC~1\AppData\L...}, goog:chromeOptions: {debuggerAddress: localhost:56162}, javascriptEnabled: true, networkConnectionEnabled: false, pageLoadStrategy: normal, platform: WINDOWS, platformName: WINDOWS, proxy: Proxy(), setWindowRect: true, strictFileInteractability: false, timeouts: {implicit: 0, pageLoad: 300000, script: 30000}, unhandledPromptBehavior: dismiss and notify, webauthn:virtualAuthenticators: true}
Session ID: fbe5244136f60897800380f2c299879f
*** Element info: {Using=xpath, value=//a[contains(text(),&quot;Vehicles&quot;) and contains(@data-dropdown,&quot;vehicles-dropdown&quot;)]}
	at org.openqa.selenium.remote.http.W3CHttpResponseCodec.createException(W3CHttpResponseCodec.java:187)
	at org.openqa.selenium.remote.http.W3CHttpResponseCodec.decode(W3CHttpResponseCodec.java:122)
	at org.openqa.selenium.remote.http.W3CHttpResponseCodec.decode(W3CHttpResponseCodec.java:49)
	at org.openqa.selenium.remote.HttpCommandExecutor.execute(HttpCommandExecutor.java:158)
	at org.openqa.selenium.remote.service.DriverCommandExecutor.execute(DriverCommandExecutor.java:83)
	at org.openqa.selenium.remote.RemoteWebDriver.execute(RemoteWebDriver.java:552)
	at org.openqa.selenium.remote.RemoteWebDriver.findElement(RemoteWebDriver.java:323)
	at org.openqa.selenium.remote.RemoteWebDriver.findElementByXPath(RemoteWebDriver.java:428)
	at org.openqa.selenium.By$ByXPath.findElement(By.java:353)
	at org.openqa.selenium.remote.RemoteWebDriver.findElement(RemoteWebDriver.java:315)
	at org.openqa.selenium.support.events.EventFiringWebDriver.lambda$new$1(EventFiringWebDriver.java:105)
	at com.sun.proxy.$Proxy10.findElement(Unknown Source)
	at org.openqa.selenium.support.events.EventFiringWebDriver.findElement(EventFiringWebDriver.java:194)
	at org.openqa.selenium.support.pagefactory.DefaultElementLocator.findElement(DefaultElementLocator.java:69)
	at org.openqa.selenium.support.pagefactory.internal.LocatingElementHandler.invoke(LocatingElementHandler.java:38)
	at com.sun.proxy.$Proxy14.click(Unknown Source)
	at com.hds.qa.pages.HomePage.goToMotorcyclesPage(HomePage.java:59)
	at com.hds.qa.tests.HomePageTest.goToMotorcyclesPage(HomePageTest.java:68)
	at java.base/java.util.ArrayList.forEach(ArrayList.java:1507)
... Removed 36 stack frames
</div> <!-- stack-trace -->
                </div> <!-- method-content -->
              </div> <!-- method -->
              <div class="method">
                <div class="method-content">
                  <a name="homePageLogoTest">
                  </a> <!-- homePageLogoTest -->
                  <span class="method-name">homePageLogoTest</span>
                  <div class="stack-trace">java.lang.AssertionError: expected [true] but found [false]
	at com.hds.qa.tests.HomePageTest.homePageLogoTest(HomePageTest.java:56)
	at java.base/java.util.ArrayList.forEach(ArrayList.java:1507)
... Removed 31 stack frames
</div> <!-- stack-trace -->
                </div> <!-- method-content -->
              </div> <!-- method -->
              <div class="method">
                <div class="method-content">
                  <a name="homePageTitleTest">
                  </a> <!-- homePageTitleTest -->
                  <span class="method-name">homePageTitleTest</span>
                  <div class="stack-trace">java.lang.AssertionError: expected [HarleyDavidson India] but found [Harley-Davidson India]
	at com.hds.qa.tests.HomePageTest.homePageTitleTest(HomePageTest.java:49)
	at java.base/java.util.ArrayList.forEach(ArrayList.java:1507)
... Removed 32 stack frames
</div> <!-- stack-trace -->
                </div> <!-- method-content -->
              </div> <!-- method -->
            </div> <!-- main-panel-content rounded-window-bottom -->
          </div> <!-- suite-HarleyDAvidsonTestSuite-class-failed -->
        </div> <!-- panel HarleyDAvidsonTestSuite -->
        <div panel-name="test-xml-HarleyDAvidsonTestSuite" class="panel">
          <div class="main-panel-header rounded-window-top">
            <span class="header-content">C:\Users\MadhuCeeti\Eclipse_Workspace_JavaTraining\HarleyDavidson\testng.xml</span>
          </div> <!-- main-panel-header rounded-window-top -->
          <div class="main-panel-content rounded-window-bottom">
            <pre>
&lt;?xml version=&quot;1.0&quot; encoding=&quot;UTF-8&quot;?&gt;
&lt;!DOCTYPE suite SYSTEM &quot;https://testng.org/testng-1.0.dtd&quot;&gt;
&lt;suite name=&quot;HarleyDAvidsonTestSuite&quot; guice-stage=&quot;DEVELOPMENT&quot;&gt;
  &lt;listeners&gt;
    &lt;listener class-name=&quot;ExtentReport.ExtentReporterNG&quot;/&gt;
  &lt;/listeners&gt;
  &lt;test thread-count=&quot;5&quot; name=&quot;Regression&quot;&gt;
    &lt;classes&gt;
      &lt;class name=&quot;com.hds.qa.tests.HomePageTest&quot;/&gt;
    &lt;/classes&gt;
  &lt;/test&gt; &lt;!-- Regression --&gt;
&lt;/suite&gt; &lt;!-- HarleyDAvidsonTestSuite --&gt;
            </pre>
          </div> <!-- main-panel-content rounded-window-bottom -->
        </div> <!-- panel -->
        <div panel-name="testlist-HarleyDAvidsonTestSuite" class="panel">
          <div class="main-panel-header rounded-window-top">
            <span class="header-content">Tests for HarleyDAvidsonTestSuite</span>
          </div> <!-- main-panel-header rounded-window-top -->
          <div class="main-panel-content rounded-window-bottom">
            <ul>
              <li>
                <span class="test-name">Regression (1 class)</span>
              </li>
            </ul>
          </div> <!-- main-panel-content rounded-window-bottom -->
        </div> <!-- panel -->
        <div panel-name="group-HarleyDAvidsonTestSuite" class="panel">
          <div class="main-panel-header rounded-window-top">
            <span class="header-content">Groups for HarleyDAvidsonTestSuite</span>
          </div> <!-- main-panel-header rounded-window-top -->
          <div class="main-panel-content rounded-window-bottom">
            <div class="test-group">
              <span class="test-group-name">pageNavigation</span>
              <br/>
              <div class="method-in-group">
                <span class="method-in-group-name">goToEventCalendarPageTest</span>
                <br/>
              </div> <!-- method-in-group -->
              <div class="method-in-group">
                <span class="method-in-group-name">goToMotorcyclesPage</span>
                <br/>
              </div> <!-- method-in-group -->
            </div> <!-- test-group -->
            <div class="test-group">
              <span class="test-group-name">pageValidation</span>
              <br/>
              <div class="method-in-group">
                <span class="method-in-group-name">homePageLogoTest</span>
                <br/>
              </div> <!-- method-in-group -->
              <div class="method-in-group">
                <span class="method-in-group-name">homePageTitleTest</span>
                <br/>
              </div> <!-- method-in-group -->
            </div> <!-- test-group -->
          </div> <!-- main-panel-content rounded-window-bottom -->
        </div> <!-- panel -->
        <div panel-name="times-HarleyDAvidsonTestSuite" class="panel">
          <div class="main-panel-header rounded-window-top">
            <span class="header-content">Times for HarleyDAvidsonTestSuite</span>
          </div> <!-- main-panel-header rounded-window-top -->
          <div class="main-panel-content rounded-window-bottom">
            <div class="times-div">
              <script type="text/javascript">
suiteTableInitFunctions.push('tableData_HarleyDAvidsonTestSuite');
function tableData_HarleyDAvidsonTestSuite() {
var data = new google.visualization.DataTable();
data.addColumn('number', 'Number');
data.addColumn('string', 'Method');
data.addColumn('string', 'Class');
data.addColumn('number', 'Time (ms)');
data.addRows(4);
data.setCell(0, 0, 0)
data.setCell(0, 1, 'goToEventCalendarPageTest')
data.setCell(0, 2, 'com.hds.qa.tests.HomePageTest')
data.setCell(0, 3, 10075);
data.setCell(1, 0, 1)
data.setCell(1, 1, 'goToMotorcyclesPage')
data.setCell(1, 2, 'com.hds.qa.tests.HomePageTest')
data.setCell(1, 3, 10023);
data.setCell(2, 0, 2)
data.setCell(2, 1, 'homePageLogoTest')
data.setCell(2, 2, 'com.hds.qa.tests.HomePageTest')
data.setCell(2, 3, 659);
data.setCell(3, 0, 3)
data.setCell(3, 1, 'homePageTitleTest')
data.setCell(3, 2, 'com.hds.qa.tests.HomePageTest')
data.setCell(3, 3, 29);
window.suiteTableData['HarleyDAvidsonTestSuite']= { tableData: data, tableDiv: 'times-div-HarleyDAvidsonTestSuite'}
return data;
}
              </script>
              <span class="suite-total-time">Total running time: 20 seconds</span>
              <div id="times-div-HarleyDAvidsonTestSuite">
              </div> <!-- times-div-HarleyDAvidsonTestSuite -->
            </div> <!-- times-div -->
          </div> <!-- main-panel-content rounded-window-bottom -->
        </div> <!-- panel -->
        <div panel-name="reporter-HarleyDAvidsonTestSuite" class="panel">
          <div class="main-panel-header rounded-window-top">
            <span class="header-content">Reporter output for HarleyDAvidsonTestSuite</span>
          </div> <!-- main-panel-header rounded-window-top -->
          <div class="main-panel-content rounded-window-bottom">
          </div> <!-- main-panel-content rounded-window-bottom -->
        </div> <!-- panel -->
        <div panel-name="ignored-methods-HarleyDAvidsonTestSuite" class="panel">
          <div class="main-panel-header rounded-window-top">
            <span class="header-content">0 ignored methods</span>
          </div> <!-- main-panel-header rounded-window-top -->
          <div class="main-panel-content rounded-window-bottom">
          </div> <!-- main-panel-content rounded-window-bottom -->
        </div> <!-- panel -->
        <div panel-name="chronological-HarleyDAvidsonTestSuite" class="panel">
          <div class="main-panel-header rounded-window-top">
            <span class="header-content">Methods in chronological order</span>
          </div> <!-- main-panel-header rounded-window-top -->
          <div class="main-panel-content rounded-window-bottom">
            <div class="chronological-class">
              <div class="chronological-class-name">com.hds.qa.tests.HomePageTest</div> <!-- chronological-class-name -->
              <div class="configuration-method before">
                <span class="method-name">setUp</span>
                <span class="method-start">0 ms</span>
              </div> <!-- configuration-method before -->
              <div class="test-method">
                <img src="failed.png">
                </img>
                <span class="method-name">homePageTitleTest</span>
                <span class="method-start">8625 ms</span>
              </div> <!-- test-method -->
              <div class="configuration-method after">
                <span class="method-name">tearDown([TestResult name=homePageTitleTest status=FAILURE method=HomePageTest.homePageTitleTest()[pri:1, ins...)</span>
                <span class="method-start">8660 ms</span>
              </div> <!-- configuration-method after -->
              <div class="configuration-method before">
                <span class="method-name">setUp</span>
                <span class="method-start">10090 ms</span>
              </div> <!-- configuration-method before -->
              <div class="test-method">
                <img src="failed.png">
                </img>
                <span class="method-name">homePageLogoTest</span>
                <span class="method-start">17594 ms</span>
              </div> <!-- test-method -->
              <div class="configuration-method after">
                <span class="method-name">tearDown([TestResult name=homePageLogoTest status=FAILURE method=HomePageTest.homePageLogoTest()[pri:2, insta...)</span>
                <span class="method-start">18255 ms</span>
              </div> <!-- configuration-method after -->
              <div class="configuration-method before">
                <span class="method-name">setUp</span>
                <span class="method-start">20096 ms</span>
              </div> <!-- configuration-method before -->
              <div class="test-method">
                <img src="failed.png">
                </img>
                <span class="method-name">goToEventCalendarPageTest</span>
                <span class="method-start">28012 ms</span>
              </div> <!-- test-method -->
              <div class="configuration-method after">
                <span class="method-name">tearDown([TestResult name=goToEventCalendarPageTest status=FAILURE method=HomePageTest.goToEventCalendarPageT...)</span>
                <span class="method-start">38088 ms</span>
              </div> <!-- configuration-method after -->
              <div class="configuration-method before">
                <span class="method-name">setUp</span>
                <span class="method-start">39758 ms</span>
              </div> <!-- configuration-method before -->
              <div class="test-method">
                <img src="failed.png">
                </img>
                <span class="method-name">goToMotorcyclesPage</span>
                <span class="method-start">48866 ms</span>
              </div> <!-- test-method -->
              <div class="configuration-method after">
                <span class="method-name">tearDown([TestResult name=goToMotorcyclesPage status=FAILURE method=HomePageTest.goToMotorcyclesPage()[pri:4,...)</span>
                <span class="method-start">58890 ms</span>
              </div> <!-- configuration-method after -->
          </div> <!-- main-panel-content rounded-window-bottom -->
        </div> <!-- panel -->
      </div> <!-- main-panel-root -->
    </div> <!-- wrapper -->
  </body>
</html>
